<?xml version="1.0" encoding="UTF-8"?>
<!-- Generated by org.testng.reporters.JUnitReportReporter -->
<testsuite hostname="Dicens-PC" name="Team.Task.Task9" tests="6" failures="0" timestamp="16 Mar 2013 12:20:48 GMT" time="289.972" errors="0">
  <testcase name="VerifySorting" time="77.082" classname="Team.Task.Task9"/>
  <testcase name="VerifySorting" time="44.924" classname="Team.Task.Task9"/>
  <testcase name="VerifySorting" time="37.021" classname="Team.Task.Task9"/>
  <testcase name="VerifySorting" time="46.129" classname="Team.Task.Task9"/>
  <testcase name="VerifySorting" time="40.830" classname="Team.Task.Task9"/>
  <testcase name="VerifySorting" time="43.986" classname="Team.Task.Task9"/>
</testsuite> <!-- Team.Task.Task9 -->
