<?xml version="1.0" encoding="UTF-8"?>
<!-- Generated by org.testng.reporters.JUnitReportReporter -->
<testsuite hostname="Computer" name="Team.Task.TestCase10" tests="1" failures="0" timestamp="6 Mar 2013 22:03:44 GMT" time="33.014" errors="0">
  <testcase name="testCase10" time="33.014" classname="Team.Task.TestCase10"/>
</testsuite> <!-- Team.Task.TestCase10 -->
