<?xml version="1.0" encoding="UTF-8"?>
<!-- Generated by org.testng.reporters.JUnitReportReporter -->
<testsuite hostname="Dicens-PC" name="Team.Task.Task5" tests="1" failures="0" timestamp="3 Mar 2013 09:51:05 GMT" time="3.625" errors="0">
  <testcase name="contNewCategories" time="3.625" classname="Team.Task.Task5"/>
</testsuite> <!-- Team.Task.Task5 -->
