<?xml version="1.0" encoding="UTF-8"?>
<!-- Generated by org.testng.reporters.JUnitReportReporter -->
<testsuite hostname="Nizer-ой" name="Team.Task.TestCase10" tests="1" failures="0" timestamp="6 Mar 2013 11:26:07 GMT" time="37.502" errors="0">
  <testcase name="testCase10" time="37.502" classname="Team.Task.TestCase10"/>
</testsuite> <!-- Team.Task.TestCase10 -->
