<?xml version="1.0" encoding="UTF-8"?>
<!-- Generated by org.testng.reporters.JUnitReportReporter -->
<testsuite hostname="TOSHIBA" name="Team.Task.Task2" tests="1" failures="0" timestamp="13 Mar 2013 22:36:25 GMT" time="19.115" errors="0">
  <testcase name="testTask2" time="19.115" classname="Team.Task.Task2"/>
</testsuite> <!-- Team.Task.Task2 -->
