<?xml version="1.0" encoding="UTF-8"?>
<!-- Generated by org.testng.reporters.JUnitReportReporter -->
<testsuite hostname="Computer" name="Team.Task.Task3" tests="1" failures="0" timestamp="6 Mar 2013 22:03:44 GMT" time="5.207" errors="0">
  <testcase name="task3_Test" time="5.207" classname="Team.Task.Task3"/>
</testsuite> <!-- Team.Task.Task3 -->
