<?xml version="1.0" encoding="UTF-8"?>
<!-- Generated by org.testng.reporters.JUnitReportReporter -->
<testsuite hostname="Computer" name="Team.Task.Task11" tests="1" failures="0" timestamp="6 Mar 2013 22:03:44 GMT" time="12.666" errors="0">
  <testcase name="task11" time="12.666" classname="Team.Task.Task11"/>
</testsuite> <!-- Team.Task.Task11 -->
