<?xml version="1.0" encoding="UTF-8"?>
<!-- Generated by org.testng.reporters.JUnitReportReporter -->
<testsuite hostname="TOSHIBA" name="Team.Task.Task7" tests="1" failures="0" timestamp="4 Mar 2013 13:20:45 GMT" time="72.155" errors="0">
  <testcase name="Task7_Test" time="72.155" classname="Team.Task.Task7"/>
</testsuite> <!-- Team.Task.Task7 -->
