<?xml version="1.0" encoding="UTF-8"?>
<!-- Generated by org.testng.reporters.JUnitReportReporter -->
<testsuite hostname="dicens-PC" name="Team.Task.Task11" tests="1" failures="0" timestamp="1 Mar 2013 17:01:22 GMT" time="85.615" errors="0">
  <testcase name="task11" time="85.615" classname="Team.Task.Task11"/>
</testsuite> <!-- Team.Task.Task11 -->
