<?xml version="1.0" encoding="UTF-8"?>
<!-- Generated by org.testng.reporters.JUnitReportReporter -->
<testsuite hostname="Computer" name="Team.Task.Task5" tests="1" failures="0" timestamp="6 Mar 2013 22:03:44 GMT" time="3.488" errors="0">
  <testcase name="contNewCategories" time="3.488" classname="Team.Task.Task5"/>
</testsuite> <!-- Team.Task.Task5 -->
