<?xml version="1.0" encoding="UTF-8"?>
<!-- Generated by org.testng.reporters.JUnitReportReporter -->
<testsuite hostname="Dicens-PC" name="Team.Task.Task1" tests="1" failures="0" timestamp="5 Mar 2013 14:49:16 GMT" time="52.169" errors="0">
  <testcase name="verifySignIn" time="52.169" classname="Team.Task.Task1"/>
</testsuite> <!-- Team.Task.Task1 -->
