<?xml version="1.0" encoding="UTF-8"?>
<!-- Generated by org.testng.reporters.JUnitReportReporter -->
<testsuite hostname="dicens-PC" name="Team.Task.Task1" tests="1" failures="0" timestamp="1 Mar 2013 07:17:56 GMT" time="7.316" errors="0">
  <testcase name="verifySignIn" time="7.316" classname="Team.Task.Task1"/>
</testsuite> <!-- Team.Task.Task1 -->
